c:\users\denislav.ivanov\source\repos\humanresources\humanresources\debug\humanresources.pch
c:\users\denislav.ivanov\source\repos\humanresources\humanresources\debug\vc141.pdb
c:\users\denislav.ivanov\source\repos\humanresources\humanresources\debug\vc141.idb
c:\users\denislav.ivanov\source\repos\humanresources\humanresources\debug\stdafx.obj
c:\users\denislav.ivanov\source\repos\humanresources\humanresources\debug\mydatetimectrl.obj
c:\users\denislav.ivanov\source\repos\humanresources\humanresources\debug\missingemployeesdlg.obj
c:\users\denislav.ivanov\source\repos\humanresources\humanresources\debug\missingemployeesdatespickerdialog.obj
c:\users\denislav.ivanov\source\repos\humanresources\humanresources\debug\mainfrm.obj
c:\users\denislav.ivanov\source\repos\humanresources\humanresources\debug\humanresourcesview.obj
c:\users\denislav.ivanov\source\repos\humanresources\humanresources\debug\humanresourcesdoc.obj
c:\users\denislav.ivanov\source\repos\humanresources\humanresources\debug\humanresources.obj
c:\users\denislav.ivanov\source\repos\humanresources\humanresources\debug\addresttimedlg.obj
c:\users\denislav.ivanov\source\repos\humanresources\humanresources\debug\filterdialog.obj
c:\users\denislav.ivanov\source\repos\humanresources\humanresources\debug\employeesworktable.obj
c:\users\denislav.ivanov\source\repos\humanresources\humanresources\debug\employeesofftable.obj
c:\users\denislav.ivanov\source\repos\humanresources\humanresources\debug\employeesviewofftimedlg.obj
c:\users\denislav.ivanov\source\repos\humanresources\humanresources\debug\employeestable.obj
c:\users\denislav.ivanov\source\repos\humanresources\humanresources\debug\employeeseducationtable.obj
c:\users\denislav.ivanov\source\repos\humanresources\humanresources\debug\educationdlg.obj
c:\users\denislav.ivanov\source\repos\humanresources\humanresources\debug\employeedialog.obj
c:\users\denislav.ivanov\source\repos\humanresources\humanresources\debug\differenttypesdlg.obj
c:\users\denislav.ivanov\source\repos\humanresources\humanresources\debug\addwork.obj
c:\users\denislav.ivanov\source\repos\humanresources\humanresources\debug\addeducationdlg.obj
c:\users\denislav.ivanov\source\repos\humanresources\humanresources\debug\adddifferenttypesdlg.obj
c:\users\denislav.ivanov\source\repos\humanresources\humanresources\debug\workdlg.obj
c:\users\denislav.ivanov\source\repos\humanresources\humanresources\debug\vimissingemployeestable.obj
c:\users\denislav.ivanov\source\repos\humanresources\humanresources\debug\tabsdlg.obj
c:\users\denislav.ivanov\source\repos\humanresources\humanresources\debug\sortlistctrl.obj
c:\users\denislav.ivanov\source\repos\humanresources\humanresources\debug\pugixml.obj
c:\users\denislav.ivanov\source\repos\humanresources\humanresources\debug\element.obj
c:\users\denislav.ivanov\source\repos\humanresources\humanresources\debug\attribute.obj
c:\users\denislav.ivanov\source\repos\humanresources\humanresources\debug\mynomenclaturestable.obj
c:\users\denislav.ivanov\source\repos\humanresources\humanresources\debug\xmlwriter.obj
c:\users\denislav.ivanov\source\repos\humanresources\humanresources\debug\textwriter.obj
c:\users\denislav.ivanov\source\repos\humanresources\humanresources\debug\textreader.obj
c:\users\denislav.ivanov\source\repos\humanresources\humanresources\debug\jsonwriter.obj
c:\users\denislav.ivanov\source\repos\humanresources\humanresources\debug\jsonreader.obj
c:\users\denislav.ivanov\source\repos\humanresources\humanresources\debug\archive.obj
c:\users\denislav.ivanov\source\repos\humanresources\humanresources\debug\xmlreader.obj
c:\users\denislav.ivanov\source\repos\humanresources\debug\humanresources.ilk
c:\users\denislav.ivanov\source\repos\humanresources\debug\humanresources.exe
c:\users\denislav.ivanov\source\repos\humanresources\debug\humanresources.pdb
c:\users\denislav.ivanov\source\repos\humanresources\humanresources\debug\humanresources.res
c:\users\denislav.ivanov\source\repos\humanresources\humanresources\debug\humanresources.tlog\cl.command.1.tlog
c:\users\denislav.ivanov\source\repos\humanresources\humanresources\debug\humanresources.tlog\cl.read.1.tlog
c:\users\denislav.ivanov\source\repos\humanresources\humanresources\debug\humanresources.tlog\cl.write.1.tlog
c:\users\denislav.ivanov\source\repos\humanresources\humanresources\debug\humanresources.tlog\link.command.1.tlog
c:\users\denislav.ivanov\source\repos\humanresources\humanresources\debug\humanresources.tlog\link.read.1.tlog
c:\users\denislav.ivanov\source\repos\humanresources\humanresources\debug\humanresources.tlog\link.write.1.tlog
c:\users\denislav.ivanov\source\repos\humanresources\humanresources\debug\humanresources.tlog\rc.command.1.tlog
c:\users\denislav.ivanov\source\repos\humanresources\humanresources\debug\humanresources.tlog\rc.read.1.tlog
c:\users\denislav.ivanov\source\repos\humanresources\humanresources\debug\humanresources.tlog\rc.write.1.tlog
