c:\users\denislav.ivanov\source\repos\pakal_persist-master\pakal persist\pakal persist\x64\debug\pakal persist.pdb
c:\users\denislav.ivanov\source\repos\pakal_persist-master\pakal persist\pakal persist\x64\debug\pakal persist.idb
c:\users\denislav.ivanov\source\repos\pakal_persist-master\pakal persist\pakal persist\x64\debug\xmlwriter.obj
c:\users\denislav.ivanov\source\repos\pakal_persist-master\pakal persist\pakal persist\x64\debug\xmlreader.obj
c:\users\denislav.ivanov\source\repos\pakal_persist-master\pakal persist\pakal persist\x64\debug\textwriter.obj
c:\users\denislav.ivanov\source\repos\pakal_persist-master\pakal persist\pakal persist\x64\debug\textreader.obj
c:\users\denislav.ivanov\source\repos\pakal_persist-master\pakal persist\pakal persist\x64\debug\pugixml.obj
c:\users\denislav.ivanov\source\repos\pakal_persist-master\pakal persist\pakal persist\x64\debug\element.obj
c:\users\denislav.ivanov\source\repos\pakal_persist-master\pakal persist\pakal persist\x64\debug\attribute.obj
c:\users\denislav.ivanov\source\repos\pakal_persist-master\pakal persist\pakal persist\x64\debug\jsonwriter.obj
c:\users\denislav.ivanov\source\repos\pakal_persist-master\pakal persist\pakal persist\x64\debug\jsonreader.obj
c:\users\denislav.ivanov\source\repos\pakal_persist-master\pakal persist\pakal persist\x64\debug\archive.obj
c:\users\denislav.ivanov\source\repos\pakal_persist-master\pakal persist\x64\debug\pakal persist.lib
c:\users\denislav.ivanov\source\repos\humanresources\humanresources\pakal_persist-master\pakal persist\pakal persist\x64\debug\archive.obj
c:\users\denislav.ivanov\source\repos\humanresources\humanresources\pakal_persist-master\pakal persist\pakal persist\x64\debug\attribute.obj
c:\users\denislav.ivanov\source\repos\humanresources\humanresources\pakal_persist-master\pakal persist\pakal persist\x64\debug\element.obj
c:\users\denislav.ivanov\source\repos\humanresources\humanresources\pakal_persist-master\pakal persist\pakal persist\x64\debug\jsonreader.obj
c:\users\denislav.ivanov\source\repos\humanresources\humanresources\pakal_persist-master\pakal persist\pakal persist\x64\debug\jsonwriter.obj
c:\users\denislav.ivanov\source\repos\humanresources\humanresources\pakal_persist-master\pakal persist\pakal persist\x64\debug\pugixml.obj
c:\users\denislav.ivanov\source\repos\humanresources\humanresources\pakal_persist-master\pakal persist\pakal persist\x64\debug\textreader.obj
c:\users\denislav.ivanov\source\repos\humanresources\humanresources\pakal_persist-master\pakal persist\pakal persist\x64\debug\textwriter.obj
c:\users\denislav.ivanov\source\repos\humanresources\humanresources\pakal_persist-master\pakal persist\pakal persist\x64\debug\xmlreader.obj
c:\users\denislav.ivanov\source\repos\humanresources\humanresources\pakal_persist-master\pakal persist\pakal persist\x64\debug\xmlwriter.obj
c:\users\denislav.ivanov\source\repos\humanresources\humanresources\pakal_persist-master\pakal persist\pakal persist\x64\debug\pakal persist.idb
c:\users\denislav.ivanov\source\repos\humanresources\humanresources\pakal_persist-master\pakal persist\pakal persist\x64\debug\pakal persist.pdb
c:\users\denislav.ivanov\source\repos\humanresources\humanresources\pakal_persist-master\pakal persist\x64\debug\pakal persist.pdb
c:\users\denislav.ivanov\source\repos\humanresources\humanresources\pakal_persist-master\pakal persist\x64\debug\pakal persist.lib
c:\users\denislav.ivanov\source\repos\humanresources\humanresources\pakal_persist-master\pakal persist\pakal persist\x64\debug\pakal persist.tlog\cl.command.1.tlog
c:\users\denislav.ivanov\source\repos\humanresources\humanresources\pakal_persist-master\pakal persist\pakal persist\x64\debug\pakal persist.tlog\cl.read.1.tlog
c:\users\denislav.ivanov\source\repos\humanresources\humanresources\pakal_persist-master\pakal persist\pakal persist\x64\debug\pakal persist.tlog\cl.write.1.tlog
c:\users\denislav.ivanov\source\repos\humanresources\humanresources\pakal_persist-master\pakal persist\pakal persist\x64\debug\pakal persist.tlog\lib-link.read.1.tlog
c:\users\denislav.ivanov\source\repos\humanresources\humanresources\pakal_persist-master\pakal persist\pakal persist\x64\debug\pakal persist.tlog\lib-link.write.1.tlog
c:\users\denislav.ivanov\source\repos\humanresources\humanresources\pakal_persist-master\pakal persist\pakal persist\x64\debug\pakal persist.tlog\lib.command.1.tlog
